0 info it worked if it ends with ok
1 verbose cli [ '/Users/akorzunov/.nvm/versions/node/v7.7.2/bin/node',
1 verbose cli   '/Users/akorzunov/.nvm/versions/node/v7.7.2/bin/npm',
1 verbose cli   'i',
1 verbose cli   '--save-dev',
1 verbose cli   'babel-cli' ]
2 info using npm@4.1.2
3 info using node@v7.7.2
4 silly loadCurrentTree Starting
5 silly install loadCurrentTree
6 silly install readLocalPackageData
7 silly rollbackFailedOptional Starting
8 silly rollbackFailedOptional Finishing
9 silly runTopLevelLifecycles Finishing
10 silly install printInstalled
11 verbose stack Error: Failed to parse json
11 verbose stack Trailing comma in object at 8:3
11 verbose stack   },
11 verbose stack   ^
11 verbose stack     at parseError (/Users/akorzunov/.nvm/versions/node/v7.7.2/lib/node_modules/npm/node_modules/read-package-json/read-json.js:390:11)
11 verbose stack     at parseJson (/Users/akorzunov/.nvm/versions/node/v7.7.2/lib/node_modules/npm/node_modules/read-package-json/read-json.js:79:23)
11 verbose stack     at /Users/akorzunov/.nvm/versions/node/v7.7.2/lib/node_modules/npm/node_modules/read-package-json/read-json.js:48:5
11 verbose stack     at /Users/akorzunov/.nvm/versions/node/v7.7.2/lib/node_modules/npm/node_modules/graceful-fs/graceful-fs.js:78:16
11 verbose stack     at tryToString (fs.js:448:3)
11 verbose stack     at FSReqWrap.readFileAfterClose [as oncomplete] (fs.js:435:12)
12 verbose cwd /Users/akorzunov/dev/Z/mellis/github/css/cssparse/src
13 error Darwin 16.6.0
14 error argv "/Users/akorzunov/.nvm/versions/node/v7.7.2/bin/node" "/Users/akorzunov/.nvm/versions/node/v7.7.2/bin/npm" "i" "--save-dev" "babel-cli"
15 error node v7.7.2
16 error npm  v4.1.2
17 error file /Users/akorzunov/dev/Z/mellis/github/css/cssparse/package.json
18 error code EJSONPARSE
19 error Failed to parse json
19 error Trailing comma in object at 8:3
19 error   },
19 error   ^
20 error File: /Users/akorzunov/dev/Z/mellis/github/css/cssparse/package.json
21 error Failed to parse package.json data.
21 error package.json must be actual JSON, not just JavaScript.
21 error
21 error This is not a bug in npm.
21 error Tell the package author to fix their package.json file. JSON.parse
22 verbose exit [ 1, true ]
